<?xml version="1.0" encoding="UTF-8"?>
<testng-results ignored="0" total="1" passed="1" failed="0" skipped="0">
  <reporter-output>
  </reporter-output>
  <suite started-at="2020-09-13T18:38:00Z" name="Default suite" finished-at="2020-09-13T18:38:33Z" duration-ms="33069">
    <groups>
    </groups>
    <test started-at="2020-09-13T18:38:00Z" name="Default test" finished-at="2020-09-13T18:38:33Z" duration-ms="33069">
      <class name="com.demoWebShop.testCases.BookShopping_Test">
        <test-method is-config="true" signature="setUp()[pri:0, instance:com.demoWebShop.testCases.BookShopping_Test@6913c1fb]" started-at="2020-09-13T18:38:00Z" name="setUp" finished-at="2020-09-13T18:38:10Z" duration-ms="9915" status="PASS">
          <reporter-output>
          </reporter-output>
        </test-method> <!-- setUp -->
        <test-method signature="completeBookShopping()[pri:0, instance:com.demoWebShop.testCases.BookShopping_Test@6913c1fb]" started-at="2020-09-13T18:38:10Z" name="completeBookShopping" finished-at="2020-09-13T18:38:28Z" duration-ms="18262" status="PASS">
          <reporter-output>
          </reporter-output>
        </test-method> <!-- completeBookShopping -->
        <test-method is-config="true" signature="tearDown()[pri:0, instance:com.demoWebShop.testCases.BookShopping_Test@6913c1fb]" started-at="2020-09-13T18:38:28Z" name="tearDown" finished-at="2020-09-13T18:38:33Z" duration-ms="4847" status="PASS">
          <reporter-output>
          </reporter-output>
        </test-method> <!-- tearDown -->
      </class> <!-- com.demoWebShop.testCases.BookShopping_Test -->
    </test> <!-- Default test -->
  </suite> <!-- Default suite -->
</testng-results>
